
**************************************************
video_path:	 data/interim/00000.MTS

Duration (s):	 00:00:08
# frames:	 None
Frame rate:	 29

frame_counter:	 270
Start time (s):	 00:00:00
End time (s):	 00:00:00

**************************************************
video_path:	 data/interim/00001.MTS

Duration (s):	 00:00:37
# frames:	 None
Frame rate:	 29

frame_counter:	 1140
Start time (s):	 00:00:00
End time (s):	 00:00:00

**************************************************
video_path:	 data/interim/00002.MTS

Duration (s):	 00:00:11
# frames:	 None
Frame rate:	 29

frame_counter:	 345
Start time (s):	 00:00:00
End time (s):	 00:00:00

**************************************************
video_path:	 data/interim/00003.MTS

Duration (s):	 00:00:15
# frames:	 None
Frame rate:	 29

frame_counter:	 465
Start time (s):	 00:00:00
End time (s):	 00:00:00

**************************************************
video_path:	 data/interim/00004.MTS

Duration (s):	 00:03:42
# frames:	 None
Frame rate:	 29

frame_counter:	 6660
Start time (s):	 00:00:00
End time (s):	 00:03:49

**************************************************
video_path:	 data/interim/00005.MTS

Duration (s):	 00:05:41
# frames:	 None
Frame rate:	 29

frame_counter:	 10230
Start time (s):	 00:00:00
End time (s):	 00:05:52

**************************************************
video_path:	 data/interim/00006.MTS

Duration (s):	 00:06:38
# frames:	 None
Frame rate:	 29

frame_counter:	 11955
Start time (s):	 00:00:00
End time (s):	 00:06:52

**************************************************
video_path:	 data/interim/00007.MTS

Duration (s):	 00:04:45
# frames:	 None
Frame rate:	 29

frame_counter:	 8565
Start time (s):	 00:01:07
End time (s):	 00:04:55

**************************************************
video_path:	 data/interim/00008.MTS

Duration (s):	 00:04:43
# frames:	 None
Frame rate:	 29

frame_counter:	 8490
Start time (s):	 00:00:00
End time (s):	 00:04:52

**************************************************
video_path:	 data/interim/00009.MTS

Duration (s):	 00:00:24
# frames:	 None
Frame rate:	 29

frame_counter:	 735
Start time (s):	 00:00:07
End time (s):	 00:00:09

**************************************************
video_path:	 data/interim/00010.MTS

Duration (s):	 00:00:04
# frames:	 None
Frame rate:	 29

frame_counter:	 135
Start time (s):	 00:00:00
End time (s):	 00:00:00

**************************************************
video_path:	 data/interim/00011.MTS

Duration (s):	 00:00:13
# frames:	 None
Frame rate:	 29

frame_counter:	 420
Start time (s):	 00:00:00
End time (s):	 00:00:00

**************************************************
video_path:	 data/interim/00012.MTS

Duration (s):	 00:00:25
# frames:	 None
Frame rate:	 29

frame_counter:	 780
Start time (s):	 00:00:00
End time (s):	 00:00:24

**************************************************
video_path:	 data/interim/00013.MTS

Duration (s):	 00:00:09
# frames:	 None
Frame rate:	 29

frame_counter:	 300
Start time (s):	 00:00:01
End time (s):	 00:00:07

**************************************************
video_path:	 data/interim/00014.MTS

Duration (s):	 00:00:57
# frames:	 None
Frame rate:	 29

frame_counter:	 1740
Start time (s):	 00:00:17
End time (s):	 00:00:54

**************************************************
video_path:	 data/interim/00015.MTS

Duration (s):	 00:01:11
# frames:	 None
Frame rate:	 29

frame_counter:	 2160
Start time (s):	 00:00:48
End time (s):	 00:01:12

**************************************************
video_path:	 data/interim/00016.MTS

Duration (s):	 00:02:32
# frames:	 None
Frame rate:	 29

frame_counter:	 4560
Start time (s):	 00:00:00
End time (s):	 00:02:37

**************************************************
video_path:	 data/interim/00017.MTS

Duration (s):	 00:01:26
# frames:	 None
Frame rate:	 29

frame_counter:	 2595
Start time (s):	 00:01:12
End time (s):	 00:00:00
